<?xml version="1.0" encoding="UTF-8"?>
<!-- Generated by org.testng.reporters.JUnitXMLReporter -->
<testsuite ignored="0" hostname="DESKTOP-14N1F2H" failures="0" tests="4" name="Default test" time="0.058" errors="0" timestamp="2024-04-25T00:39:38 EDT">
  <testcase classname="negativeTest.InvalidCredencial" name="@BeforeTest setup" time="-1.714019978323E9">
    <failure type="org.testng.TestNGException" message="
Parameter &amp;apos;browser&amp;apos; is required by BeforeTest on method setup but has not been marked @Optional or defined
in C:\Users\Manha\AppData\Local\Temp\testng-eclipse--653466998\testng-customsuite.xml">
      <![CDATA[org.testng.TestNGException: 
Parameter 'browser' is required by BeforeTest on method setup but has not been marked @Optional or defined
in C:\Users\Manha\AppData\Local\Temp\testng-eclipse--653466998\testng-customsuite.xml
at org.testng.internal.Parameters.createParams(Parameters.java:267)
at org.testng.internal.Parameters.createParametersForMethod(Parameters.java:355)
at org.testng.internal.Parameters.createParameters(Parameters.java:693)
at org.testng.internal.Parameters.createConfigurationParameters(Parameters.java:166)
at org.testng.internal.invokers.ConfigInvoker.invokeConfigurations(ConfigInvoker.java:306)
at org.testng.TestRunner.invokeTestConfigurations(TestRunner.java:661)
at org.testng.TestRunner.beforeRun(TestRunner.java:650)
at org.testng.TestRunner.run(TestRunner.java:612)
at org.testng.SuiteRunner.runTest(SuiteRunner.java:443)
at org.testng.SuiteRunner.runSequentially(SuiteRunner.java:437)
at org.testng.SuiteRunner.privateRun(SuiteRunner.java:397)
at org.testng.SuiteRunner.run(SuiteRunner.java:336)
at org.testng.SuiteRunnerWorker.runSuite(SuiteRunnerWorker.java:52)
at org.testng.SuiteRunnerWorker.run(SuiteRunnerWorker.java:95)
at org.testng.TestNG.runSuitesSequentially(TestNG.java:1301)
at org.testng.TestNG.runSuitesLocally(TestNG.java:1228)
at org.testng.TestNG.runSuites(TestNG.java:1134)
at org.testng.TestNG.run(TestNG.java:1101)
at org.testng.remote.AbstractRemoteTestNG.run(AbstractRemoteTestNG.java:115)
at org.testng.remote.RemoteTestNG.initAndRun(RemoteTestNG.java:251)
at org.testng.remote.RemoteTestNG.main(RemoteTestNG.java:77)
]]>
    </failure>
  </testcase> <!-- @BeforeTest setup -->
  <testcase classname="negativeTest.InvalidCredencial" name="TestNegetiveTestCases" time="0.0">
    <skipped/>
  </testcase> <!-- TestNegetiveTestCases -->
  <testcase classname="negativeTest.InvalidCredencial" name="TestNegetiveTestCasess" time="0.0">
    <skipped/>
  </testcase> <!-- TestNegetiveTestCasess -->
  <testcase classname="negativeTest.InvalidCredencial" name="TestNegetiveTestCasesss" time="0.001">
    <skipped/>
  </testcase> <!-- TestNegetiveTestCasesss -->
  <testcase classname="negativeTest.InvalidCredencial" name="TestPositiveTestCases" time="0.0">
    <skipped/>
  </testcase> <!-- TestPositiveTestCases -->
</testsuite> <!-- Default test -->
